[10548:0224/161012:WARNING:web_database.cc(99)] Web database is too new.
[10548:0224/161012:ERROR:web_data_service_backend.cc(54)] Cannot initialize the web database: 2
[10548:0224/161012:WARNING:nw_form_database_service.cc(21)] initializing autocomplete database failed
[10548:0224/161013:INFO:CONSOLE(61)] ""gogogo"", source: C:\Users\rtol\Dropbox\nw0116\node_modules\settings.js (61)
[10548:0224/161013:INFO:CONSOLE(83)] ""Loaded setting savelocation as C:\\Users\\rtol\\Desktop\\Code\\"", source: C:\Users\rtol\Dropbox\nw0116\node_modules\settings.js (83)
[10548:0224/161013:INFO:CONSOLE(83)] ""Loaded setting loadnsfw as false"", source: C:\Users\rtol\Dropbox\nw0116\node_modules\settings.js (83)
[10548:0224/161013:INFO:CONSOLE(80)] ""Loaded subredditslist as wallpaper,wallpapers"", source: C:\Users\rtol\Dropbox\nw0116\node_modules\settings.js (80)
[10548:0224/161013:INFO:CONSOLE(70)] ""Loaded dimension dimension as 1920x1080"", source: C:\Users\rtol\Dropbox\nw0116\node_modules\settings.js (70)
[10548:0224/161013:INFO:CONSOLE(95)] ""Wallpaper save folder is now C:\\Users\\rtol\\Desktop\\Code\\"", source: C:\Users\rtol\Dropbox\nw0116\node_modules\settings.js (95)
[10548:0224/161013:INFO:CONSOLE(34)] ""C:\\Users\\rtol\\Desktop\\Code\\"", source: C:\Users\rtol\Dropbox\nw0116\node_modules\settings.js (34)
[10548:0224/161013:INFO:CONSOLE(39)] "[]", source: C:\Users\rtol\Dropbox\nw0116\node_modules\settings.js (39)
[10548:0224/161013:INFO:CONSOLE(139)] ""Loaded settings. Proceeding with document setup."", source: file:///C:/Users/rtol/Dropbox/nw0116/js/main.js (139)
[10548:0224/161013:INFO:CONSOLE(34)] ""C:\\Users\\rtol\\Desktop\\Code\\"", source: C:\Users\rtol\Dropbox\nw0116\node_modules\settings.js (34)
[10548:0224/161013:INFO:CONSOLE(39)] "[]", source: C:\Users\rtol\Dropbox\nw0116\node_modules\settings.js (39)
[10548:0224/161013:INFO:CONSOLE(78)] "["wallpaper","wallpapers"]", source: file:///C:/Users/rtol/Dropbox/nw0116/js/main.js (78)
[10548:0224/161013:INFO:CONSOLE(74)] ""Skipped 18 duplicate urls."", source: file:///C:/Users/rtol/Dropbox/nw0116/js/main.js (74)
[10548:0224/161013:INFO:CONSOLE(74)] ""Skipped 17 duplicate urls."", source: file:///C:/Users/rtol/Dropbox/nw0116/js/main.js (74)
[10548:0224/161033:INFO:CONSOLE(106)] ""Saving settings"", source: C:\Users\rtol\Dropbox\nw0116\node_modules\settings.js (106)
[10548:0224/161033:INFO:CONSOLE(34)] ""C:\\Users\\rtol\\AppData\\Roaming\\WallpaperManager\\wallpapers\\"", source: C:\Users\rtol\Dropbox\nw0116\node_modules\settings.js (34)
[10548:0224/161033:INFO:CONSOLE(39)] "["80sSciFi.png","ArchitecturalDeModernization.png","Brokennesshealing.png","CameOut.png","Crumble1920x1080.png","Fantasytemple.png","gtisbyrjun.png","LittleHedgehog.png","lonewanderer.png","Mistytowers.png","Moonover.png","Passportto.png","PlayingWith.png","SpatialEntrance.png","Sunflowerfractals.png","Tibet1920x1080.png","Windows8.png","WomanSoldier.png"]", source: C:\Users\rtol\Dropbox\nw0116\node_modules\settings.js (39)
[10548:0224/161033:INFO:CONSOLE(17)] ""appending"", source: file:///C:/Users/rtol/Dropbox/nw0116/js/main.js (17)
[10548:0224/161033:INFO:CONSOLE(17)] ""appending"", source: file:///C:/Users/rtol/Dropbox/nw0116/js/main.js (17)
[10548:0224/161033:INFO:CONSOLE(17)] ""appending"", source: file:///C:/Users/rtol/Dropbox/nw0116/js/main.js (17)
[10548:0224/161033:INFO:CONSOLE(17)] ""appending"", source: file:///C:/Users/rtol/Dropbox/nw0116/js/main.js (17)
[10548:0224/161033:INFO:CONSOLE(17)] ""appending"", source: file:///C:/Users/rtol/Dropbox/nw0116/js/main.js (17)
[10548:0224/161033:INFO:CONSOLE(17)] ""appending"", source: file:///C:/Users/rtol/Dropbox/nw0116/js/main.js (17)
[10548:0224/161033:INFO:CONSOLE(17)] ""appending"", source: file:///C:/Users/rtol/Dropbox/nw0116/js/main.js (17)
[10548:0224/161033:INFO:CONSOLE(17)] ""appending"", source: file:///C:/Users/rtol/Dropbox/nw0116/js/main.js (17)
[10548:0224/161033:INFO:CONSOLE(17)] ""appending"", source: file:///C:/Users/rtol/Dropbox/nw0116/js/main.js (17)
[10548:0224/161033:INFO:CONSOLE(17)] ""appending"", source: file:///C:/Users/rtol/Dropbox/nw0116/js/main.js (17)
[10548:0224/161033:INFO:CONSOLE(17)] ""appending"", source: file:///C:/Users/rtol/Dropbox/nw0116/js/main.js (17)
[10548:0224/161033:INFO:CONSOLE(17)] ""appending"", source: file:///C:/Users/rtol/Dropbox/nw0116/js/main.js (17)
[10548:0224/161033:INFO:CONSOLE(17)] ""appending"", source: file:///C:/Users/rtol/Dropbox/nw0116/js/main.js (17)
[10548:0224/161033:INFO:CONSOLE(17)] ""appending"", source: file:///C:/Users/rtol/Dropbox/nw0116/js/main.js (17)
[10548:0224/161033:INFO:CONSOLE(17)] ""appending"", source: file:///C:/Users/rtol/Dropbox/nw0116/js/main.js (17)
[10548:0224/161033:INFO:CONSOLE(17)] ""appending"", source: file:///C:/Users/rtol/Dropbox/nw0116/js/main.js (17)
[10548:0224/161033:INFO:CONSOLE(17)] ""appending"", source: file:///C:/Users/rtol/Dropbox/nw0116/js/main.js (17)
[10548:0224/161033:INFO:CONSOLE(17)] ""appending"", source: file:///C:/Users/rtol/Dropbox/nw0116/js/main.js (17)
